<?xml version="1.0" encoding="UTF-8"?>
<testng-results ignored="0" total="4" passed="4" failed="0" skipped="0">
  <reporter-output>
  </reporter-output>
  <suite started-at="2024-02-23T11:37:07 IST" name="Suite" finished-at="2024-02-23T11:38:17 IST" duration-ms="69725">
    <groups>
      <group name="cucumber">
        <method signature="AbstractTestNGCucumberTests.runScenario(io.cucumber.testng.PickleWrapper,io.cucumber.testng.FeatureWrapper)[pri:0, instance:com.Identify_NewBikes.StepRunner.TestNG@4d14b6c2]" name="runScenario" class="io.cucumber.testng.AbstractTestNGCucumberTests"/>
      </group> <!-- cucumber -->
    </groups>
    <test started-at="2024-02-23T11:37:07 IST" name="ChromeTest" finished-at="2024-02-23T11:38:17 IST" duration-ms="69725">
      <class name="com.Identify_NewBikes.StepRunner.TestNG">
        <test-method is-config="true" signature="setUpClass(org.testng.ITestContext)[pri:0, instance:com.Identify_NewBikes.StepRunner.TestNG@4d14b6c2]" started-at="2024-02-23T11:37:08 IST" name="setUpClass" finished-at="2024-02-23T11:37:11 IST" duration-ms="2243" status="PASS">
          <params>
            <param index="0">
              <value>
                <![CDATA[org.testng.TestRunner@55071497]]>
              </value>
            </param>
          </params>
          <reporter-output>
          </reporter-output>
        </test-method> <!-- setUpClass -->
        <test-method is-config="true" signature="setUp(java.lang.String)[pri:0, instance:com.Identify_NewBikes.StepRunner.TestNG@4d14b6c2]" started-at="2024-02-23T11:37:11 IST" name="setUp" finished-at="2024-02-23T11:37:27 IST" duration-ms="16281" status="PASS">
          <params>
            <param index="0">
              <value>
                <![CDATA[chrome]]>
              </value>
            </param>
          </params>
          <reporter-output>
          </reporter-output>
        </test-method> <!-- setUp -->
        <test-method signature="runScenario(io.cucumber.testng.PickleWrapper,io.cucumber.testng.FeatureWrapper)[pri:0, instance:com.Identify_NewBikes.StepRunner.TestNG@4d14b6c2]" started-at="2024-02-23T11:37:27 IST" name="runScenario" description="Runs Cucumber Scenarios" data-provider="scenarios" finished-at="2024-02-23T11:37:30 IST" duration-ms="2621" status="PASS">
          <params>
            <param index="0">
              <value>
                <![CDATA["Hovering mouse on the new Bikes dropdown"]]>
              </value>
            </param>
            <param index="1">
              <value>
                <![CDATA["Identify New Bikes Smoke TestSuite"]]>
              </value>
            </param>
          </params>
          <reporter-output>
          </reporter-output>
        </test-method> <!-- runScenario -->
        <test-method signature="runScenario(io.cucumber.testng.PickleWrapper,io.cucumber.testng.FeatureWrapper)[pri:0, instance:com.Identify_NewBikes.StepRunner.TestNG@4d14b6c2]" started-at="2024-02-23T11:37:31 IST" name="runScenario" description="Runs Cucumber Scenarios" data-provider="scenarios" finished-at="2024-02-23T11:37:38 IST" duration-ms="6763" status="PASS">
          <params>
            <param index="0">
              <value>
                <![CDATA["Selecting the "upcoming" options from new bikes drop down"]]>
              </value>
            </param>
            <param index="1">
              <value>
                <![CDATA["Identify New Bikes Smoke TestSuite"]]>
              </value>
            </param>
          </params>
          <reporter-output>
          </reporter-output>
        </test-method> <!-- runScenario -->
        <test-method signature="runScenario(io.cucumber.testng.PickleWrapper,io.cucumber.testng.FeatureWrapper)[pri:0, instance:com.Identify_NewBikes.StepRunner.TestNG@4d14b6c2]" started-at="2024-02-23T11:37:38 IST" name="runScenario" description="Runs Cucumber Scenarios" data-provider="scenarios" finished-at="2024-02-23T11:37:46 IST" duration-ms="7791" status="PASS">
          <params>
            <param index="0">
              <value>
                <![CDATA["Hovering on used cars"]]>
              </value>
            </param>
            <param index="1">
              <value>
                <![CDATA["Identify New Bikes Smoke TestSuite"]]>
              </value>
            </param>
          </params>
          <reporter-output>
          </reporter-output>
        </test-method> <!-- runScenario -->
        <test-method signature="runScenario(io.cucumber.testng.PickleWrapper,io.cucumber.testng.FeatureWrapper)[pri:0, instance:com.Identify_NewBikes.StepRunner.TestNG@4d14b6c2]" started-at="2024-02-23T11:37:47 IST" name="runScenario" description="Runs Cucumber Scenarios" data-provider="scenarios" finished-at="2024-02-23T11:38:01 IST" duration-ms="14331" status="PASS">
          <params>
            <param index="0">
              <value>
                <![CDATA["Try to 'Login' with google, give invalid account details & capture the error message"]]>
              </value>
            </param>
            <param index="1">
              <value>
                <![CDATA["Identify New Bikes Smoke TestSuite"]]>
              </value>
            </param>
          </params>
          <reporter-output>
          </reporter-output>
        </test-method> <!-- runScenario -->
        <test-method is-config="true" signature="tearDown()[pri:0, instance:com.Identify_NewBikes.StepRunner.TestNG@4d14b6c2]" started-at="2024-02-23T11:38:01 IST" name="tearDown" finished-at="2024-02-23T11:38:08 IST" duration-ms="6959" status="PASS">
          <reporter-output>
          </reporter-output>
        </test-method> <!-- tearDown -->
        <test-method is-config="true" signature="tearDownClass()[pri:0, instance:com.Identify_NewBikes.StepRunner.TestNG@4d14b6c2]" started-at="2024-02-23T11:38:08 IST" name="tearDownClass" finished-at="2024-02-23T11:38:17 IST" duration-ms="8683" status="PASS">
          <reporter-output>
          </reporter-output>
        </test-method> <!-- tearDownClass -->
      </class> <!-- com.Identify_NewBikes.StepRunner.TestNG -->
    </test> <!-- ChromeTest -->
  </suite> <!-- Suite -->
</testng-results>
